The system is: Linux - 4.4.0-19041-Microsoft - x86_64
Compiling the C compiler identification source file "CMakeCCompilerId.c" succeeded.
Compiler: /usr/bin/cc 
Build flags: 
Id flags:  

The output was:
0


Compilation of the C compiler identification source "CMakeCCompilerId.c" produced "a.out"

The C compiler identification is GNU, found in "/mnt/c/Users/victo/CLionProjects/Septica/cmake-build-debug-wsl/CMakeFiles/3.18.0-rc1/CompilerIdC/a.out"

Compiling the CXX compiler identification source file "CMakeCXXCompilerId.cpp" succeeded.
Compiler: /usr/bin/c++ 
Build flags: 
Id flags:  

The output was:
0


Compilation of the CXX compiler identification source "CMakeCXXCompilerId.cpp" produced "a.out"

The CXX compiler identification is GNU, found in "/mnt/c/Users/victo/CLionProjects/Septica/cmake-build-debug-wsl/CMakeFiles/3.18.0-rc1/CompilerIdCXX/a.out"

Determining if the C compiler works passed with the following output:
Change Dir: /mnt/c/Users/victo/CLionProjects/Septica/cmake-build-debug-wsl/CMakeFiles/CMakeTmp

Run Build Command(s):/usr/bin/make cmTC_e5c24/fast && /usr/bin/make  -f CMakeFiles/cmTC_e5c24.dir/build.make CMakeFiles/cmTC_e5c24.dir/build
make[1]: Entering directory '/mnt/c/Users/victo/CLionProjects/Septica/cmake-build-debug-wsl/CMakeFiles/CMakeTmp'
Building C object CMakeFiles/cmTC_e5c24.dir/testCCompiler.c.o
/usr/bin/cc    -o CMakeFiles/cmTC_e5c24.dir/testCCompiler.c.o -c /mnt/c/Users/victo/CLionProjects/Septica/cmake-build-debug-wsl/CMakeFiles/CMakeTmp/testCCompiler.c
Linking C executable cmTC_e5c24
/usr/bin/cmake -E cmake_link_script CMakeFiles/cmTC_e5c24.dir/link.txt --verbose=1
/usr/bin/cc CMakeFiles/cmTC_e5c24.dir/testCCompiler.c.o -o cmTC_e5c24 
make[1]: Leaving directory '/mnt/c/Users/victo/CLionProjects/Septica/cmake-build-debug-wsl/CMakeFiles/CMakeTmp'



Determining if the CXX compiler works passed with the following output:
Change Dir: /mnt/c/Users/victo/CLionProjects/Septica/cmake-build-debug-wsl/CMakeFiles/CMakeTmp

Run Build Command(s):/usr/bin/make cmTC_de807/fast && /usr/bin/make  -f CMakeFiles/cmTC_de807.dir/build.make CMakeFiles/cmTC_de807.dir/build
make[1]: Entering directory '/mnt/c/Users/victo/CLionProjects/Septica/cmake-build-debug-wsl/CMakeFiles/CMakeTmp'
Building CXX object CMakeFiles/cmTC_de807.dir/testCXXCompiler.cxx.o
/usr/bin/c++    -o CMakeFiles/cmTC_de807.dir/testCXXCompiler.cxx.o -c /mnt/c/Users/victo/CLionProjects/Septica/cmake-build-debug-wsl/CMakeFiles/CMakeTmp/testCXXCompiler.cxx
Linking CXX executable cmTC_de807
/usr/bin/cmake -E cmake_link_script CMakeFiles/cmTC_de807.dir/link.txt --verbose=1
/usr/bin/c++ CMakeFiles/cmTC_de807.dir/testCXXCompiler.cxx.o -o cmTC_de807 
make[1]: Leaving directory '/mnt/c/Users/victo/CLionProjects/Septica/cmake-build-debug-wsl/CMakeFiles/CMakeTmp'



